Using pre-set license
Built from '2020.2/release' branch; Version is '2020.2.2f1 (068178b99f32) revision 426360'; Using compiler version '192528614'; Build Type 'Release'
OS: 'Windows 10 Home; OS build 19041.804; Version 2004; 64bit' Language: 'en' Physical Memory: 16301 MB
BatchMode: 1, IsHumanControllingUs: 0, StartBugReporterOnCrash: 0, Is64bit: 1, IsPro: 0

 COMMAND LINE ARGUMENTS:
C:\Program Files\Unity\Hub\Editor\2020.2.2f1\Editor\Unity.exe
-adb2
-batchMode
-noUpm
-name
AssetImportWorker0
-projectPath
F:/School/Unity/2dShooter/You Must Shoot
-logFile
Logs/AssetImportWorker0.log
-srvPort
60012
Successfully changed project path to: F:/School/Unity/2dShooter/You Must Shoot
F:/School/Unity/2dShooter/You Must Shoot
Using Asset Import Pipeline V2.
Refreshing native plugins compatible for Editor in 30.87 ms, found 1 plugins.
Preloading 0 native plugins for Editor in 0.00 ms.
Initialize engine version: 2020.2.2f1 (068178b99f32)
[Subsystems] Discovering subsystems at path C:/Program Files/Unity/Hub/Editor/2020.2.2f1/Editor/Data/Resources/UnitySubsystems
[Subsystems] Discovering subsystems at path F:/School/Unity/2dShooter/You Must Shoot/Assets
GfxDevice: creating device client; threaded=0
Direct3D:
    Version:  Direct3D 11.0 [level 11.1]
    Renderer: NVIDIA GeForce RTX 2080 Ti (ID=0x1e04)
    Vendor:   
    VRAM:     11049 MB
    Driver:   27.21.14.5751
Initialize mono
Mono path[0] = 'C:/Program Files/Unity/Hub/Editor/2020.2.2f1/Editor/Data/Managed'
Mono path[1] = 'C:/Program Files/Unity/Hub/Editor/2020.2.2f1/Editor/Data/MonoBleedingEdge/lib/mono/unityjit'
Mono config path = 'C:/Program Files/Unity/Hub/Editor/2020.2.2f1/Editor/Data/MonoBleedingEdge/etc'
Using monoOptions --debugger-agent=transport=dt_socket,embedding=1,server=y,suspend=n,address=127.0.0.1:56588
Begin MonoManager ReloadAssembly
Registering precompiled unity dll's ...
Register platform support module: C:/Program Files/Unity/Hub/Editor/2020.2.2f1/Editor/Data/PlaybackEngines/WindowsStandaloneSupport/UnityEditor.WindowsStandalone.Extensions.dll
Registered in 0.002599 seconds.
Native extension for WindowsStandalone target not found
Refreshing native plugins compatible for Editor in 30.31 ms, found 1 plugins.
Preloading 0 native plugins for Editor in 0.00 ms.
Invoked RoslynAnalysisRunner static constructor.
RoslynAnalysisRunner will not be running.
RoslynAnalysisRunner has terminated.
Mono: successfully reloaded assembly
- Completed reload, in  1.330 seconds
Platform modules already initialized, skipping
Registering precompiled user dll's ...
Registered in 0.032824 seconds.
Begin MonoManager ReloadAssembly
Native extension for WindowsStandalone target not found
Refreshing native plugins compatible for Editor in 30.95 ms, found 1 plugins.
Preloading 0 native plugins for Editor in 0.00 ms.
Invoked RoslynAnalysisRunner static constructor.
RoslynAnalysisRunner will not be running.
RoslynAnalysisRunner has terminated.
Mono: successfully reloaded assembly
- Completed reload, in  1.518 seconds
Platform modules already initialized, skipping
========================================================================
Worker process is ready to serve import requests
Launched and connected shader compiler UnityShaderCompiler.exe after 0.04 seconds
Refreshing native plugins compatible for Editor in 0.39 ms, found 1 plugins.
Preloading 0 native plugins for Editor in 0.00 ms.
Unloading 1805 Unused Serialized files (Serialized files now loaded: 0)
System memory in use before: 84.8 MB.
System memory in use after: 84.8 MB.

Unloading 24 unused Assets to reduce memory usage. Loaded Objects now: 2248.
Total: 1.673900 ms (FindLiveObjects: 0.166500 ms CreateObjectMapping: 0.065800 ms MarkObjects: 1.334700 ms  DeleteObjects: 0.106200 ms)

========================================================================
Received Import Request.
  path: Assets/Animations
  artifactKey: Guid(5f3ad200df6e6874b9fbd75a4f6582f6) Importer(815301076,1909f56bfc062723c751e8b465ee728b)
Start importing Assets/Animations using Guid(5f3ad200df6e6874b9fbd75a4f6582f6) Importer(815301076,1909f56bfc062723c751e8b465ee728b)  -> (artifact id: '1e1d769b95530ede05ed7f0b90ca9ff6') in 0.064934 seconds
  Import took 0.091816 seconds .

========================================================================
Received Import Request.
  Time since last request: 60.908510 seconds.
  path: Assets/Animations/Rat.controller
  artifactKey: Guid(bc04e21c9ffbbaa48aef64863901dcb3) Importer(815301076,1909f56bfc062723c751e8b465ee728b)
Start importing Assets/Animations/Rat.controller using Guid(bc04e21c9ffbbaa48aef64863901dcb3) Importer(815301076,1909f56bfc062723c751e8b465ee728b)  -> (artifact id: 'ab4a0d7369d74d9a4ee0b1cc3503a89e') in 0.069532 seconds
  Import took 0.079080 seconds .

========================================================================
Received Import Request.
  Time since last request: 390.987666 seconds.
  path: Assets/Extra/rat and bat spritesheet calciumtrice.png
  artifactKey: Guid(dff5a28358693c944b3454c6292a8143) Importer(815301076,1909f56bfc062723c751e8b465ee728b)
Start importing Assets/Extra/rat and bat spritesheet calciumtrice.png using Guid(dff5a28358693c944b3454c6292a8143) Importer(815301076,1909f56bfc062723c751e8b465ee728b)  -> (artifact id: 'cac4007d85394956ab70e939421408bd') in 0.512281 seconds
  Import took 0.527586 seconds .

========================================================================
Received Import Request.
  Time since last request: 586.532694 seconds.
  path: Assets/Animations/Rat.controller
  artifactKey: Guid(bc04e21c9ffbbaa48aef64863901dcb3) Importer(815301076,1909f56bfc062723c751e8b465ee728b)
Start importing Assets/Animations/Rat.controller using Guid(bc04e21c9ffbbaa48aef64863901dcb3) Importer(815301076,1909f56bfc062723c751e8b465ee728b)  -> (artifact id: '4c78e92e03be5edff4343b3b237e889f') in 0.027576 seconds
  Import took 0.091409 seconds .

========================================================================
Received Import Request.
  Time since last request: 0.900422 seconds.
  path: Assets/Animations/Layer 1 - Grass.controller
  artifactKey: Guid(f96a2d3c04e631044bd56a02f995ff00) Importer(815301076,1909f56bfc062723c751e8b465ee728b)
Start importing Assets/Animations/Layer 1 - Grass.controller using Guid(f96a2d3c04e631044bd56a02f995ff00) Importer(815301076,1909f56bfc062723c751e8b465ee728b)  -> (artifact id: '4ad9a3d9f2d4b63752fc1d59c4df08ef') in 0.030425 seconds
  Import took 0.033974 seconds .

========================================================================
Received Prepare
Registering precompiled user dll's ...
Registered in 0.000673 seconds.
Begin MonoManager ReloadAssembly
Native extension for WindowsStandalone target not found
Refreshing native plugins compatible for Editor in 0.32 ms, found 1 plugins.
Preloading 0 native plugins for Editor in 0.00 ms.
Invoked RoslynAnalysisRunner static constructor.
RoslynAnalysisRunner will not be running.
RoslynAnalysisRunner has terminated.
Mono: successfully reloaded assembly
- Completed reload, in  0.662 seconds
Platform modules already initialized, skipping
Refreshing native plugins compatible for Editor in 0.38 ms, found 1 plugins.
Preloading 0 native plugins for Editor in 0.00 ms.
Unloading 1798 Unused Serialized files (Serialized files now loaded: 0)
System memory in use before: 87.9 MB.
System memory in use after: 87.9 MB.

Unloading 12 unused Assets to reduce memory usage. Loaded Objects now: 2354.
Total: 1.768100 ms (FindLiveObjects: 0.174100 ms CreateObjectMapping: 0.067300 ms MarkObjects: 1.441100 ms  DeleteObjects: 0.084500 ms)

========================================================================
Received Prepare
Registering precompiled user dll's ...
Registered in 0.000712 seconds.
Begin MonoManager ReloadAssembly
Native extension for WindowsStandalone target not found
Refreshing native plugins compatible for Editor in 0.32 ms, found 1 plugins.
Preloading 0 native plugins for Editor in 0.00 ms.
Invoked RoslynAnalysisRunner static constructor.
RoslynAnalysisRunner will not be running.
RoslynAnalysisRunner has terminated.
Mono: successfully reloaded assembly
- Completed reload, in  0.643 seconds
Platform modules already initialized, skipping
Refreshing native plugins compatible for Editor in 0.34 ms, found 1 plugins.
Preloading 0 native plugins for Editor in 0.00 ms.
Unloading 1798 Unused Serialized files (Serialized files now loaded: 0)
System memory in use before: 88.1 MB.
System memory in use after: 88.1 MB.

Unloading 12 unused Assets to reduce memory usage. Loaded Objects now: 2357.
Total: 1.829800 ms (FindLiveObjects: 0.196100 ms CreateObjectMapping: 0.075100 ms MarkObjects: 1.470300 ms  DeleteObjects: 0.087400 ms)

========================================================================
Received Import Request.
  Time since last request: 222.665393 seconds.
  path: Assets/Animations/Rat_Idle.anim
  artifactKey: Guid(49f469f60477595418eb39cf177a049d) Importer(815301076,1909f56bfc062723c751e8b465ee728b)
Start importing Assets/Animations/Rat_Idle.anim using Guid(49f469f60477595418eb39cf177a049d) Importer(815301076,1909f56bfc062723c751e8b465ee728b)  -> (artifact id: '06a2711a0bee1d470bb5da06322fdcb1') in 0.041862 seconds
  Import took 0.044269 seconds .

========================================================================
Received Prepare
Registering precompiled user dll's ...
Registered in 0.000781 seconds.
Begin MonoManager ReloadAssembly
Native extension for WindowsStandalone target not found
Refreshing native plugins compatible for Editor in 0.32 ms, found 1 plugins.
Preloading 0 native plugins for Editor in 0.00 ms.
Invoked RoslynAnalysisRunner static constructor.
RoslynAnalysisRunner will not be running.
RoslynAnalysisRunner has terminated.
Mono: successfully reloaded assembly
- Completed reload, in  0.637 seconds
Platform modules already initialized, skipping
Refreshing native plugins compatible for Editor in 0.33 ms, found 1 plugins.
Preloading 0 native plugins for Editor in 0.00 ms.
Unloading 1798 Unused Serialized files (Serialized files now loaded: 0)
System memory in use before: 88.2 MB.
System memory in use after: 88.2 MB.

Unloading 12 unused Assets to reduce memory usage. Loaded Objects now: 2360.
Total: 1.686600 ms (FindLiveObjects: 0.176100 ms CreateObjectMapping: 0.075300 ms MarkObjects: 1.331600 ms  DeleteObjects: 0.100000 ms)

========================================================================
Received Import Request.
  Time since last request: 3435.663268 seconds.
  path: Assets/Animations/Rat_Death.anim
  artifactKey: Guid(1b0c044b260e5f742befc48281f947be) Importer(815301076,1909f56bfc062723c751e8b465ee728b)
Start importing Assets/Animations/Rat_Death.anim using Guid(1b0c044b260e5f742befc48281f947be) Importer(815301076,1909f56bfc062723c751e8b465ee728b)  -> (artifact id: '7678ae2c88a88fec4234d0fe35bf83ae') in 0.038296 seconds
  Import took 0.470363 seconds .

========================================================================
Received Import Request.
  Time since last request: 1.572341 seconds.
  path: Assets/Animations/Rat_Idle.anim
  artifactKey: Guid(49f469f60477595418eb39cf177a049d) Importer(815301076,1909f56bfc062723c751e8b465ee728b)
Start importing Assets/Animations/Rat_Idle.anim using Guid(49f469f60477595418eb39cf177a049d) Importer(815301076,1909f56bfc062723c751e8b465ee728b)  -> (artifact id: '200800ed3dc9e496fd9a646c40e8b1c9') in 0.027213 seconds
  Import took 0.318165 seconds .

AssetImportWorkerClient::OnTransportError - code=2 error=End of file
